<?xml version="1.0" encoding="UTF-8"?>
<!-- Generated by org.testng.reporters.JUnitReportReporter -->
<testsuite hostname="DESKTOP-QI1Q774" failures="0" tests="1" name="elio.project.TestNg.HomeworkSess1" time="4.681" errors="0" timestamp="2024-09-03T21:45:06 GMT" skipped="0">
  <testcase classname="elio.project.TestNg.HomeworkSess1" name="test" time="4.681"/>
  <system-out/>
</testsuite> <!-- elio.project.TestNg.HomeworkSess1 -->
