<?xml version="1.0" encoding="UTF-8"?>
<!-- Generated by org.testng.reporters.JUnitReportReporter -->
<testsuite hostname="DESKTOP-QI1Q774" failures="0" tests="1" name="elio.project.TestNg.ElioPaul" time="5.916" errors="0" timestamp="2024-09-11T22:20:30 GMT" skipped="0">
  <testcase classname="elio.project.TestNg.ElioPaul" name="invalidPasswordLogin" time="5.916"/>
  <system-out/>
</testsuite> <!-- elio.project.TestNg.ElioPaul -->
